May 27, 2015 10:46:42 AM MainMenu initialize
INFO: Connected
May 27, 2015 10:46:46 AM MainMenu$4 mouseReleased
INFO: Connection Closed Successfully
May 27, 2015 11:03:58 AM MainMenu initialize
INFO: Connected
May 27, 2015 11:16:02 AM MainMenu initialize
INFO: Connected
May 27, 2015 11:46:30 AM MainMenu initialize
INFO: Connected
May 27, 2015 11:47:15 AM MainMenu$4 mouseReleased
INFO: Connection Closed Successfully
May 27, 2015 11:48:48 AM MainMenu initialize
INFO: Connected
May 27, 2015 11:58:01 AM MainMenu initialize
INFO: Connected
May 27, 2015 11:58:23 AM MainMenu initialize
INFO: Connected
May 27, 2015 11:58:49 AM MainMenu initialize
INFO: Connected
May 27, 2015 11:59:01 AM MainMenu initialize
INFO: Connected
May 27, 2015 12:08:53 PM MainMenu initialize
INFO: Connected
May 27, 2015 12:09:50 PM MainMenu initialize
INFO: Connected
May 27, 2015 12:36:12 PM MainMenu initialize
INFO: Connected
May 27, 2015 12:36:26 PM MainMenu initialize
INFO: Connected
May 27, 2015 12:42:32 PM MainMenu initialize
INFO: Connected
May 27, 2015 12:50:17 PM MainMenu initialize
INFO: Null Pointer Exception' Network Error
